08/01/2020 15:43:50.468 Log started.
08/01/2020 15:43:50.468 Unprotecting memory region '.text': 0x00001000 (size: 0x00456000)
08/01/2020 15:43:50.469 Unprotecting memory region '.rdata': 0x00458000 (size: 0x0004C000)
08/01/2020 15:43:50.469 Unprotecting memory region '.text': 0x008B1000 (size: 0x0064A000)
08/01/2020 15:43:50.469 Unloading plugins...
08/01/2020 15:43:50.469 Loading plugin cleo/FileSystemOperations.cleo
08/01/2020 15:43:50.471 Loading plugin cleo/IniFiles.cleo
08/01/2020 15:43:50.472 Loading plugin cleo/IntOperations.cleo
08/01/2020 15:43:50.473 Started on game of version: SA 1.0 us
08/01/2020 15:43:50.473 Injecting MenuStatusNotifier...
08/01/2020 15:43:50.473 Replacing call: 0x0057B9FD
08/01/2020 15:43:50.473 Injecting DmaFix...
08/01/2020 15:43:50.473 Replacing call: 0x0053E981
08/01/2020 15:43:50.473 Injecting TextManager...
08/01/2020 15:43:50.473 Injecting function at: 0x006A0050
08/01/2020 15:43:50.474 Injecting SoundSystem...
08/01/2020 15:43:50.474 Replacing call: 0x007487A8
08/01/2020 15:43:50.474 Injecting CustomOpcodeSystem...
08/01/2020 15:43:50.474 Injecting ScriptEngine...
08/01/2020 15:43:50.474 Replacing call: 0x0046A21B
08/01/2020 15:43:50.474 Replacing call: 0x0058D552
08/01/2020 15:43:50.474 Replacing call: 0x0058FCE4
08/01/2020 15:43:50.474 Replacing call: 0x0053BDD7
08/01/2020 15:43:50.474 Replacing call: 0x005BA340
08/01/2020 15:43:50.474 Replacing call: 0x005D4FD7
08/01/2020 15:43:50.474 Replacing call: 0x005D18F0
08/01/2020 15:43:50.474 Replacing call: 0x005D14D5
08/01/2020 15:43:50.474 Injecting function at: 0x004667DB
08/01/2020 15:43:51.075 Creating main window...
08/01/2020 15:43:51.079 Found sound device 0: No sound
08/01/2020 15:43:51.079 Found sound device 1 (default): DELL S2409W (NVIDIA High Definition Audio)
08/01/2020 15:43:51.079 On system found 2 devices, 2 enabled devices, assuming device to use: 1 (DELL S2409W (NVIDIA High Definition Audio))
08/01/2020 15:43:51.126 SoundSystem initialized
08/01/2020 15:43:51.134 Floating-point audio supported!
08/01/2020 15:43:51.138 Audio hardware acceleration disabled (no EAX)
08/01/2020 15:44:01.667 Scripts exclusively initialized
08/01/2020 15:44:01.672 Deleting dynamic fxts...
08/01/2020 15:44:01.672 Cleaning up script data... 0 files, 0 libs, 0 file scans, 0 allocations...
08/01/2020 15:44:01.672 Searching for cleo scripts
08/01/2020 15:44:01.672 Loading custom script ccontrol.cs...
08/01/2020 15:44:01.673 Registering custom script named ccontro
08/01/2020 15:44:01.673 Loading custom script emergencylights.cs...
08/01/2020 15:44:01.674 Registering custom script named emergen
08/01/2020 15:44:01.674 Loading custom script FixWheelTurnBack.cs...
08/01/2020 15:44:01.675 Registering custom script named FixWhee
08/01/2020 15:44:01.675 Loading custom script noisefix.cs...
08/01/2020 15:44:01.676 Registering custom script named noisefi
08/01/2020 15:44:01.676 Loading custom script Overhaul_StreamMemory.cs...
08/01/2020 15:44:01.677 Registering custom script named Overhau
08/01/2020 15:44:01.677 Loading custom script particles.cs...
08/01/2020 15:44:01.678 Registering custom script named particl
08/01/2020 15:44:01.678 Loading custom script PerPixelLighting.cs...
08/01/2020 15:44:01.679 Registering custom script named PerPixe
08/01/2020 15:44:01.679 Loading custom script proportionalCoronas.cs...
08/01/2020 15:44:01.680 Registering custom script named proport
08/01/2020 15:44:01.680 Loading custom script Render.cs...
08/01/2020 15:44:01.681 Registering custom script named Render.
08/01/2020 15:44:01.681 Loading custom script SensitivityFix.cs...
08/01/2020 15:44:01.682 Registering custom script named Sensiti
08/01/2020 15:44:01.682 Loading custom script StreamIniExtender.cs...
08/01/2020 15:44:01.683 Registering custom script named StreamI
08/01/2020 15:44:01.683 Loading custom script Sun.cs...
08/01/2020 15:44:01.684 Registering custom script named Sun.cs
08/01/2020 15:44:01.684 Loading custom script Wind Mod (Junior_Djjr).cs...
08/01/2020 15:44:01.685 Registering custom script named Wind Mo
08/01/2020 15:44:01.805 Unregistering custom script named proport
08/01/2020 15:44:01.805 Unregistering custom script named particl
08/01/2020 15:44:01.805 Unregistering custom script named Overhau
08/01/2020 15:44:01.805 Unregistering custom script named noisefi
08/01/2020 15:44:01.805 Unregistering custom script named FixWhee
08/01/2020 15:44:03.040 Unregistering custom script named StreamI
08/01/2020 15:44:03.730 Unregistering custom script named weapon
08/01/2020 15:44:03.804 [0A92] Starting new custom script ELM/ELM-lightson.S from thread named emergen
08/01/2020 15:44:03.804 Loading custom script ELM/ELM-lightson.S...
08/01/2020 15:44:03.805 Registering custom script named ELM/ELM
08/01/2020 15:44:03.807 Added FXT[EME101]
08/01/2020 15:44:03.807 Added FXT[EME102]
08/01/2020 15:44:03.807 Added FXT[EME103]
08/01/2020 15:45:02.149 Closing SoundSystem...
08/01/2020 15:45:02.149 Freeing BASS library
