VF v1.5
Handling: Vanilla handling pointer: 00C2B9DC 224 00C37D30 
Core: Applying Patches
Core: Started
Core: IVF not installed
Core: APP not installed
Retrocompatibility: Found 'movsteer_*' 
Retrocompatibility: Found 'movsteer_*' 
Retrocompatibility: Found 'movsteer_*' 
Retrocompatibility: Found 'movsteer_*' 
Retrocompatibility: Found 'movsteer_*' 
Retrocompatibility: Found 'movsteer_*' 
Retrocompatibility: Found 'movsteer_*' 
Retrocompatibility: Found 'movsteer_*' 
Retrocompatibility: Found 'movsteer_*' 
Retrocompatibility: Found 'movsteer_*' 
Found IVF material 
Retrocompatibility: Found 'movsteer_*' 
Retrocompatibility: Found 'movsteer_*' 
Retrocompatibility: Found 'movsteer_*' 
Retrocompatibility: Found 'movsteer_*' 
Retrocompatibility: Found 'movsteer_*' 
Retrocompatibility: Found 'movsteer_*' 
Retrocompatibility: Found 'movsteer_*' 
Found IVF material 
Found IVF material 
