v4 final 4
SAMP = true

Mod: Language = 2
Mod: Enabled = true 
Mod: SAMPdisadvantage = true 
System: ProcessPriority = 4
System: FPSlimit = 120
Gameplay: FixMouseStuck = true 
Graphics: DisplayDialogAnyAR = true 
Graphics: Anisotropic = 0
Graphics: ForceHighMirrorRes = 1

Done read ini on game init

System: StreamMemory = 2048
System: FPSlimit = 120
System: MouseFix = true 
System: SkipShutdown = true 
Graphics: MotionBlurAlpha = 25
Graphics: NoHeatEffect = true 
Graphics: LicenseTextFilter = 3
Graphics: TextureFilterMin = 3
Graphics: TextureFilterMax = 3
Graphics: UseHighPedShadows = 1
Graphics: Fix2DGunflash = true 
Graphics: PlaneTrailsSegments = 1000
Graphics: HeadlightSmoothMov = true 
Graphics: VehShadowSmoothMov = true 
Graphics: TireSmk_StartSize = 0.500000
Graphics: TireSmk_DriftSize = 0.600000
Graphics: TireSmk_BrakeSize = 0.300000
Graphics: TireSmk_Life = 0.600000
Graphics: TireSmk_UpForce = 0.200000
Graphics: TireSmk_LumMin = 0.800000
Graphics: TireSmk_LumMax = 1.000000
Graphics: TireSmk_Alpha = 0.600000
Graphics: TireSmk_DriftAlpha = 0.500000
Graphics: TireEff_DustLife = 0.170000
Graphics: TireEff_DustSize = 0.500000
Graphics: TireEff_DustUpForce = 0.700000
Graphics: TaxiLights = true 
Graphics: WaterFogDensity = 10
Graphics: CameraPhotoQuality = 90
Graphics: NoVolumetricClouds = true 
Graphics: FireLensflare = 1
Graphics: FireGroundLight = true 
Graphics: NoFireCoronas = true 
Graphics: HideWeaponsOnVehicle = true 
Gameplay: ScrollReloadFix = true 
Gameplay: VehBurnEngineBroke = true 
Gameplay: NoFixHandsToBars = true 
Gameplay: BrakeReverseFix = true 
Gameplay: DeadPedFreezeDelay = 5000
Gameplay: WheelTurnSpeed = 0.100000
Gameplay: NoPaintjobToWhite = true 
Gameplay: NoInteriorMusic = true 
Gameplay: KeepLightEngineOff = true 
Gameplay: FixMouseSensibility = true 
Gameplay: RandWheelDettach = true 
Gameplay: FixTwoPlayerVehSound = true 
Gameplay: NoPedVehDive = true 
Gameplay: NoPedVehHandsUp = true 
Densities: ShadDist_Vehicles = 30.000000
Densities: ShadDist_Peds = 25.000000
Densities: LighDist_VehLight = 35.000000
Densities: ShadDist_AllPerm = 50.000000
Skid Marks: SkidRate = 70
Interface: NoMoneyZeros = true 

Done read ini on first frame

